15-Feb-2025 10:36:04.919 INFO [main] org.apache.catalina.startup.VersionLoggerListener.log Имя версии сервера:    Apache Tomcat/10.1.34
15-Feb-2025 10:36:04.930 INFO [main] org.apache.catalina.startup.VersionLoggerListener.log Сервер собран:         Dec 5 2024 16:01:16 UTC
15-Feb-2025 10:36:04.931 INFO [main] org.apache.catalina.startup.VersionLoggerListener.log Номер версии сервера:  10.1.34.0
15-Feb-2025 10:36:04.931 INFO [main] org.apache.catalina.startup.VersionLoggerListener.log OS Name:               Windows 11
15-Feb-2025 10:36:04.932 INFO [main] org.apache.catalina.startup.VersionLoggerListener.log Версия ОС:             10.0
15-Feb-2025 10:36:04.932 INFO [main] org.apache.catalina.startup.VersionLoggerListener.log Архитектура:           amd64
15-Feb-2025 10:36:04.932 INFO [main] org.apache.catalina.startup.VersionLoggerListener.log Java Home:             C:\Users\admin\.jdks\openjdk-22.0.2
15-Feb-2025 10:36:04.933 INFO [main] org.apache.catalina.startup.VersionLoggerListener.log Версия JVM:            22.0.2+9-70
15-Feb-2025 10:36:04.933 INFO [main] org.apache.catalina.startup.VersionLoggerListener.log Производитель JVM:     Oracle Corporation
15-Feb-2025 10:36:04.933 INFO [main] org.apache.catalina.startup.VersionLoggerListener.log CATALINA_BASE:         C:\Users\admin\IdeaProjects\untitled7
15-Feb-2025 10:36:04.935 INFO [main] org.apache.catalina.startup.VersionLoggerListener.log CATALINA_HOME:         C:\Program Files\Apache Software Foundation\Tomcat 10.1
15-Feb-2025 10:36:04.960 INFO [main] org.apache.catalina.startup.VersionLoggerListener.log Command line argument: --add-opens=java.base/java.lang=ALL-UNNAMED
15-Feb-2025 10:36:04.960 INFO [main] org.apache.catalina.startup.VersionLoggerListener.log Command line argument: --add-opens=java.base/java.io=ALL-UNNAMED
15-Feb-2025 10:36:04.961 INFO [main] org.apache.catalina.startup.VersionLoggerListener.log Command line argument: --add-opens=java.base/java.util=ALL-UNNAMED
15-Feb-2025 10:36:04.961 INFO [main] org.apache.catalina.startup.VersionLoggerListener.log Command line argument: --add-opens=java.base/java.util.concurrent=ALL-UNNAMED
15-Feb-2025 10:36:04.961 INFO [main] org.apache.catalina.startup.VersionLoggerListener.log Command line argument: --add-opens=java.rmi/sun.rmi.transport=ALL-UNNAMED
15-Feb-2025 10:36:04.961 INFO [main] org.apache.catalina.startup.VersionLoggerListener.log Command line argument: -Dcatalina.home=C:\Program Files\Apache Software Foundation\Tomcat 10.1
15-Feb-2025 10:36:04.962 INFO [main] org.apache.catalina.startup.VersionLoggerListener.log Command line argument: -Dcatalina.base=C:\Users\admin\IdeaProjects\untitled7
15-Feb-2025 10:36:04.962 INFO [main] org.apache.catalina.startup.VersionLoggerListener.log Command line argument: -Djava.io.tmpdir=C:\Users\admin\IdeaProjects\untitled7\temp
15-Feb-2025 10:36:04.962 INFO [main] org.apache.catalina.startup.VersionLoggerListener.log Command line argument: -Djava.util.logging.config.file=C:\Users\admin\IdeaProjects\untitled7\conf\logging.properties
15-Feb-2025 10:36:04.963 INFO [main] org.apache.catalina.startup.VersionLoggerListener.log Command line argument: -Djava.util.logging.manager=org.apache.juli.ClassLoaderLogManager
15-Feb-2025 10:36:04.963 INFO [main] org.apache.catalina.startup.VersionLoggerListener.log Command line argument: -javaagent:C:\Program Files\JetBrains\IntelliJIdea2024.1\lib\idea_rt.jar=53884:C:\Program Files\JetBrains\IntelliJIdea2024.1\bin
15-Feb-2025 10:36:04.963 INFO [main] org.apache.catalina.startup.VersionLoggerListener.log Command line argument: -Dfile.encoding=UTF-8
15-Feb-2025 10:36:04.963 INFO [main] org.apache.catalina.startup.VersionLoggerListener.log Command line argument: -Dsun.stdout.encoding=UTF-8
15-Feb-2025 10:36:04.963 INFO [main] org.apache.catalina.startup.VersionLoggerListener.log Command line argument: -Dsun.stderr.encoding=UTF-8
15-Feb-2025 10:36:04.993 INFO [main] org.apache.catalina.core.AprLifecycleListener.lifecycleEvent The Apache Tomcat Native library which allows using OpenSSL was not found on the java.library.path: [C:\Users\admin\.jdks\openjdk-22.0.2\bin;C:\WINDOWS\Sun\Java\bin;C:\WINDOWS\system32;C:\WINDOWS;C:\Program Files\Microsoft\jdk-11.0.12.7-hotspot\bin;C:\Program Files (x86)\Embarcadero\Studio\22.0\bin;C:\Users\Public\Documents\Embarcadero\Studio\22.0\Bpl;C:\Program Files (x86)\Embarcadero\Studio\22.0\bin64;C:\Users\Public\Documents\Embarcadero\Studio\22.0\Bpl\Win64;C:\Program Files (x86)\NVIDIA Corporation\PhysX\Common;C:\Program Files (x86)\Common Files\Oracle\Java\javapath;C:\WINDOWS\system32;C:\WINDOWS;C:\WINDOWS\System32\Wbem;C:\WINDOWS\System32\WindowsPowerShell\v1.0\;C:\WINDOWS\System32\OpenSSH\;C:\Program Files (x86)\dotnet\;C:\Program Files\NVIDIA Corporation\NVIDIA NvDLISR;C:\Program Files\dotnet\;C:\Program Files (x86)\Microsoft SQL Server\160\Tools\Binn\;C:\Program Files\Microsoft SQL Server\160\Tools\Binn\;C:\Program Files\Microsoft SQL Server\Client SDK\ODBC\170\Tools\Binn\;C:\Program Files\Microsoft SQL Server\160\DTS\Binn\;C:\Program Files (x86)\Microsoft SQL Server\160\DTS\Binn\;C:\WINDOWS\system32;C:\WINDOWS;C:\WINDOWS\System32\Wbem;C:\WINDOWS\System32\WindowsPowerShell\v1.0\;C:\WINDOWS\System32\OpenSSH\;C:\Program Files\Microsoft SQL Server\150\Tools\Binn\;C:\Program Files\Git\cmd;C:\Users\admin\AppData\Local\Microsoft\WindowsApps;C:\Users\admin\.dotnet\tools;C:\Program Files\JetBrains\IntelliJ IDEA 2024.3.2.2\bin;;.]
15-Feb-2025 10:36:05.883 INFO [main] org.apache.coyote.AbstractProtocol.init Инициализация ProtocolHandler ["http-nio-8080"]
15-Feb-2025 10:36:05.931 INFO [main] org.apache.catalina.startup.Catalina.load Server initialization in [1741] milliseconds
15-Feb-2025 10:36:06.060 SEVERE [main] org.apache.catalina.users.MemoryUserDatabase.open The specified user database [conf/tomcat-users.xml] could not be found
15-Feb-2025 10:36:06.075 INFO [main] org.apache.catalina.core.StandardService.startInternal Starting service [Catalina]
15-Feb-2025 10:36:06.075 INFO [main] org.apache.catalina.core.StandardEngine.startInternal Starting Servlet engine: [Apache Tomcat/10.1.34]
15-Feb-2025 10:36:06.104 INFO [main] org.apache.catalina.startup.HostConfig.deployDescriptor Deploying deployment descriptor [C:\Users\admin\IdeaProjects\untitled7\conf\Catalina\localhost\ROOT.xml]
15-Feb-2025 10:36:10.605 INFO [main] org.apache.jasper.servlet.TldScanner.scanJars At least one JAR was scanned for TLDs yet contained no TLDs. Enable debug logging for this logger for a complete list of JARs that were scanned but no TLDs were found in them. Skipping unneeded JARs during scanning can improve startup time and JSP compilation time.
15-Feb-2025 10:36:12.629 WARNING [main] org.glassfish.jersey.message.internal.MessagingBinders$EnabledProvidersBinder.bindToBinder A class jakarta.activation.DataSource for a default provider MessageBodyWriter<jakarta.activation.DataSource> was not found. The provider is not available.
15-Feb-2025 10:36:12.784 WARNING [main] org.glassfish.jersey.server.wadl.WadlFeature.configure JAX-B API not found . WADL feature is disabled.
15-Feb-2025 10:36:13.970 INFO [main] org.apache.catalina.startup.HostConfig.deployDescriptor Deployment of deployment descriptor [C:\Users\admin\IdeaProjects\untitled7\conf\Catalina\localhost\ROOT.xml] has finished in [7 865] ms
15-Feb-2025 10:36:13.983 INFO [main] org.apache.coyote.AbstractProtocol.start Starting ProtocolHandler ["http-nio-8080"]
15-Feb-2025 10:36:14.068 INFO [main] org.apache.catalina.startup.Catalina.start Server startup in [8133] milliseconds
15-Feb-2025 11:32:22.655 INFO [Thread-1] org.apache.coyote.AbstractProtocol.pause Pausing ProtocolHandler ["http-nio-8080"]
15-Feb-2025 11:32:22.660 INFO [Thread-1] org.apache.catalina.core.StandardService.stopInternal Stopping service [Catalina]
15-Feb-2025 11:32:23.504 INFO [Thread-1] org.apache.coyote.AbstractProtocol.stop Stopping ProtocolHandler ["http-nio-8080"]
15-Feb-2025 11:32:23.518 INFO [Thread-1] org.apache.coyote.AbstractProtocol.destroy Destroying ProtocolHandler ["http-nio-8080"]
15-Feb-2025 11:32:30.234 INFO [main] org.apache.catalina.startup.VersionLoggerListener.log Имя версии сервера:    Apache Tomcat/10.1.34
15-Feb-2025 11:32:30.238 INFO [main] org.apache.catalina.startup.VersionLoggerListener.log Сервер собран:         Dec 5 2024 16:01:16 UTC
15-Feb-2025 11:32:30.238 INFO [main] org.apache.catalina.startup.VersionLoggerListener.log Номер версии сервера:  10.1.34.0
15-Feb-2025 11:32:30.238 INFO [main] org.apache.catalina.startup.VersionLoggerListener.log OS Name:               Windows 11
15-Feb-2025 11:32:30.238 INFO [main] org.apache.catalina.startup.VersionLoggerListener.log Версия ОС:             10.0
15-Feb-2025 11:32:30.238 INFO [main] org.apache.catalina.startup.VersionLoggerListener.log Архитектура:           amd64
15-Feb-2025 11:32:30.238 INFO [main] org.apache.catalina.startup.VersionLoggerListener.log Java Home:             C:\Users\admin\.jdks\openjdk-22.0.2
15-Feb-2025 11:32:30.238 INFO [main] org.apache.catalina.startup.VersionLoggerListener.log Версия JVM:            22.0.2+9-70
15-Feb-2025 11:32:30.238 INFO [main] org.apache.catalina.startup.VersionLoggerListener.log Производитель JVM:     Oracle Corporation
15-Feb-2025 11:32:30.238 INFO [main] org.apache.catalina.startup.VersionLoggerListener.log CATALINA_BASE:         C:\Users\admin\IdeaProjects\untitled7
15-Feb-2025 11:32:30.239 INFO [main] org.apache.catalina.startup.VersionLoggerListener.log CATALINA_HOME:         C:\Program Files\Apache Software Foundation\Tomcat 10.1
15-Feb-2025 11:32:30.245 INFO [main] org.apache.catalina.startup.VersionLoggerListener.log Command line argument: --add-opens=java.base/java.lang=ALL-UNNAMED
15-Feb-2025 11:32:30.245 INFO [main] org.apache.catalina.startup.VersionLoggerListener.log Command line argument: --add-opens=java.base/java.io=ALL-UNNAMED
15-Feb-2025 11:32:30.245 INFO [main] org.apache.catalina.startup.VersionLoggerListener.log Command line argument: --add-opens=java.base/java.util=ALL-UNNAMED
15-Feb-2025 11:32:30.246 INFO [main] org.apache.catalina.startup.VersionLoggerListener.log Command line argument: --add-opens=java.base/java.util.concurrent=ALL-UNNAMED
15-Feb-2025 11:32:30.246 INFO [main] org.apache.catalina.startup.VersionLoggerListener.log Command line argument: --add-opens=java.rmi/sun.rmi.transport=ALL-UNNAMED
15-Feb-2025 11:32:30.246 INFO [main] org.apache.catalina.startup.VersionLoggerListener.log Command line argument: -Dcatalina.home=C:\Program Files\Apache Software Foundation\Tomcat 10.1
15-Feb-2025 11:32:30.246 INFO [main] org.apache.catalina.startup.VersionLoggerListener.log Command line argument: -Dcatalina.base=C:\Users\admin\IdeaProjects\untitled7
15-Feb-2025 11:32:30.246 INFO [main] org.apache.catalina.startup.VersionLoggerListener.log Command line argument: -Djava.io.tmpdir=C:\Users\admin\IdeaProjects\untitled7\temp
15-Feb-2025 11:32:30.246 INFO [main] org.apache.catalina.startup.VersionLoggerListener.log Command line argument: -Djava.util.logging.config.file=C:\Users\admin\IdeaProjects\untitled7\conf\logging.properties
15-Feb-2025 11:32:30.246 INFO [main] org.apache.catalina.startup.VersionLoggerListener.log Command line argument: -Djava.util.logging.manager=org.apache.juli.ClassLoaderLogManager
15-Feb-2025 11:32:30.246 INFO [main] org.apache.catalina.startup.VersionLoggerListener.log Command line argument: -javaagent:C:\Program Files\JetBrains\IntelliJIdea2024.1\lib\idea_rt.jar=55231:C:\Program Files\JetBrains\IntelliJIdea2024.1\bin
15-Feb-2025 11:32:30.246 INFO [main] org.apache.catalina.startup.VersionLoggerListener.log Command line argument: -Dfile.encoding=UTF-8
15-Feb-2025 11:32:30.246 INFO [main] org.apache.catalina.startup.VersionLoggerListener.log Command line argument: -Dsun.stdout.encoding=UTF-8
15-Feb-2025 11:32:30.246 INFO [main] org.apache.catalina.startup.VersionLoggerListener.log Command line argument: -Dsun.stderr.encoding=UTF-8
15-Feb-2025 11:32:30.256 INFO [main] org.apache.catalina.core.AprLifecycleListener.lifecycleEvent The Apache Tomcat Native library which allows using OpenSSL was not found on the java.library.path: [C:\Users\admin\.jdks\openjdk-22.0.2\bin;C:\WINDOWS\Sun\Java\bin;C:\WINDOWS\system32;C:\WINDOWS;C:\Program Files\Microsoft\jdk-11.0.12.7-hotspot\bin;C:\Program Files (x86)\Embarcadero\Studio\22.0\bin;C:\Users\Public\Documents\Embarcadero\Studio\22.0\Bpl;C:\Program Files (x86)\Embarcadero\Studio\22.0\bin64;C:\Users\Public\Documents\Embarcadero\Studio\22.0\Bpl\Win64;C:\Program Files (x86)\NVIDIA Corporation\PhysX\Common;C:\Program Files (x86)\Common Files\Oracle\Java\javapath;C:\WINDOWS\system32;C:\WINDOWS;C:\WINDOWS\System32\Wbem;C:\WINDOWS\System32\WindowsPowerShell\v1.0\;C:\WINDOWS\System32\OpenSSH\;C:\Program Files (x86)\dotnet\;C:\Program Files\NVIDIA Corporation\NVIDIA NvDLISR;C:\Program Files\dotnet\;C:\Program Files (x86)\Microsoft SQL Server\160\Tools\Binn\;C:\Program Files\Microsoft SQL Server\160\Tools\Binn\;C:\Program Files\Microsoft SQL Server\Client SDK\ODBC\170\Tools\Binn\;C:\Program Files\Microsoft SQL Server\160\DTS\Binn\;C:\Program Files (x86)\Microsoft SQL Server\160\DTS\Binn\;C:\WINDOWS\system32;C:\WINDOWS;C:\WINDOWS\System32\Wbem;C:\WINDOWS\System32\WindowsPowerShell\v1.0\;C:\WINDOWS\System32\OpenSSH\;C:\Program Files\Microsoft SQL Server\150\Tools\Binn\;C:\Program Files\Git\cmd;C:\Users\admin\AppData\Local\Microsoft\WindowsApps;C:\Users\admin\.dotnet\tools;C:\Program Files\JetBrains\IntelliJ IDEA 2024.3.2.2\bin;;.]
15-Feb-2025 11:32:30.525 INFO [main] org.apache.coyote.AbstractProtocol.init Инициализация ProtocolHandler ["http-nio-8080"]
15-Feb-2025 11:32:30.543 INFO [main] org.apache.catalina.startup.Catalina.load Server initialization in [506] milliseconds
15-Feb-2025 11:32:30.589 SEVERE [main] org.apache.catalina.users.MemoryUserDatabase.open The specified user database [conf/tomcat-users.xml] could not be found
15-Feb-2025 11:32:30.594 INFO [main] org.apache.catalina.core.StandardService.startInternal Starting service [Catalina]
15-Feb-2025 11:32:30.595 INFO [main] org.apache.catalina.core.StandardEngine.startInternal Starting Servlet engine: [Apache Tomcat/10.1.34]
15-Feb-2025 11:32:30.604 INFO [main] org.apache.catalina.startup.HostConfig.deployDescriptor Deploying deployment descriptor [C:\Users\admin\IdeaProjects\untitled7\conf\Catalina\localhost\ROOT.xml]
15-Feb-2025 11:32:31.694 INFO [main] org.apache.jasper.servlet.TldScanner.scanJars At least one JAR was scanned for TLDs yet contained no TLDs. Enable debug logging for this logger for a complete list of JARs that were scanned but no TLDs were found in them. Skipping unneeded JARs during scanning can improve startup time and JSP compilation time.
15-Feb-2025 11:32:32.226 WARNING [main] org.glassfish.jersey.message.internal.MessagingBinders$EnabledProvidersBinder.bindToBinder A class jakarta.activation.DataSource for a default provider MessageBodyWriter<jakarta.activation.DataSource> was not found. The provider is not available.
15-Feb-2025 11:32:32.273 WARNING [main] org.glassfish.jersey.server.wadl.WadlFeature.configure JAX-B API not found . WADL feature is disabled.
15-Feb-2025 11:32:32.567 INFO [main] org.apache.catalina.startup.HostConfig.deployDescriptor Deployment of deployment descriptor [C:\Users\admin\IdeaProjects\untitled7\conf\Catalina\localhost\ROOT.xml] has finished in [1 963] ms
15-Feb-2025 11:32:32.572 INFO [main] org.apache.coyote.AbstractProtocol.start Starting ProtocolHandler ["http-nio-8080"]
15-Feb-2025 11:32:32.593 INFO [main] org.apache.catalina.startup.Catalina.start Server startup in [2049] milliseconds
15-Feb-2025 12:02:06.722 INFO [Thread-1] org.apache.coyote.AbstractProtocol.pause Pausing ProtocolHandler ["http-nio-8080"]
15-Feb-2025 12:02:06.726 INFO [Thread-1] org.apache.catalina.core.StandardService.stopInternal Stopping service [Catalina]
15-Feb-2025 12:02:06.745 INFO [Thread-1] org.apache.coyote.AbstractProtocol.stop Stopping ProtocolHandler ["http-nio-8080"]
15-Feb-2025 12:02:06.755 INFO [Thread-1] org.apache.coyote.AbstractProtocol.destroy Destroying ProtocolHandler ["http-nio-8080"]
